--- Copying files at Sun Mar 29 14:52:26 UTC 2026
--- Copied files finished at Sun Mar 29 14:52:26 UTC 2026
--- Copying files at Sun Mar 29 17:06:36 UTC 2026
--- Copied files finished at Sun Mar 29 17:06:36 UTC 2026
--- Copying files at Sun Mar 29 17:31:15 UTC 2026
--- Copied files finished at Sun Mar 29 17:31:15 UTC 2026
--- Copying files at Sun Mar 29 21:21:51 UTC 2026
--- Copied files finished at Sun Mar 29 21:21:51 UTC 2026
--- Copying files at Mon Mar 30 13:59:31 UTC 2026
--- Copied files finished at Mon Mar 30 13:59:31 UTC 2026
--- Copying files at Mon Mar 30 15:08:59 UTC 2026
--- Copied files finished at Mon Mar 30 15:08:59 UTC 2026
--- Copying files at Mon Mar 30 16:34:08 UTC 2026
--- Copied files finished at Mon Mar 30 16:34:08 UTC 2026
--- Copying files at Mon Mar 30 17:50:35 UTC 2026
--- Copied files finished at Mon Mar 30 17:50:35 UTC 2026
--- Copying files at Mon Mar 30 17:50:37 UTC 2026
--- Copied files finished at Mon Mar 30 17:50:37 UTC 2026
--- Copying files at Mon Mar 30 19:13:02 UTC 2026
--- Copied files finished at Mon Mar 30 19:13:02 UTC 2026
--- Copying files at Mon Mar 30 20:06:27 UTC 2026
--- Copied files finished at Mon Mar 30 20:06:27 UTC 2026
--- Copying files at Tue Mar 31 14:17:48 UTC 2026
--- Copied files finished at Tue Mar 31 14:17:48 UTC 2026
--- Copying files at Tue Mar 31 14:19:21 UTC 2026
--- Copied files finished at Tue Mar 31 14:19:21 UTC 2026
--- Copying files at Tue Mar 31 17:21:55 UTC 2026
--- Copied files finished at Tue Mar 31 17:21:55 UTC 2026
--- Copying files at Tue Mar 31 17:27:34 UTC 2026
--- Copied files finished at Tue Mar 31 17:27:34 UTC 2026
--- Copying files at Tue Mar 31 17:27:47 UTC 2026
--- Copied files finished at Tue Mar 31 17:27:47 UTC 2026
--- Copying files at Tue Mar 31 17:33:28 UTC 2026
--- Copied files finished at Tue Mar 31 17:33:28 UTC 2026
